# JRE version: OpenJDK Runtime Environment (11.0.13) (build 11.0.13+0-b1751.21-8125866)
# Java VM: OpenJDK 64-Bit Server VM (11.0.13+0-b1751.21-8125866, mixed mode, tiered, compressed oops, g1 gc, windows-amd64)
Heap:
 garbage-first heap   total 332800K, used 151207K [0x0000000080000000, 0x0000000100000000)
  region size 1024K, 45 young (46080K), 2 survivors (2048K)
 Metaspace       used 137945K, capacity 142848K, committed 143952K, reserved 1173504K
  class space    used 16446K, capacity 18294K, committed 19072K, reserved 1048576K
GC Heap History (20 events):
Event: 14286.719 GC heap before
{Heap before GC invocations=244 (full 0):
 garbage-first heap   total 332800K, used 111142K [0x0000000080000000, 0x0000000100000000)
  region size 1024K, 16 young (16384K), 11 survivors (11264K)
 Metaspace       used 137303K, capacity 142170K, committed 143952K, reserved 1173504K
  class space    used 16422K, capacity 18250K, committed 19072K, reserved 1048576K
}
Event: 14286.759 GC heap after
{Heap after GC invocations=245 (full 0):
 garbage-first heap   total 332800K, used 102402K [0x0000000080000000, 0x0000000100000000)
  region size 1024K, 2 young (2048K), 2 survivors (2048K)
 Metaspace       used 137303K, capacity 142170K, committed 143952K, reserved 1173504K
  class space    used 16422K, capacity 18250K, committed 19072K, reserved 1048576K
}
Event: 14373.104 GC heap before
{Heap before GC invocations=245 (full 0):
 garbage-first heap   total 332800K, used 176130K [0x0000000080000000, 0x0000000100000000)
  region size 1024K, 76 young (77824K), 2 survivors (2048K)
 Metaspace       used 137320K, capacity 142234K, committed 143952K, reserved 1173504K
  class space    used 16422K, capacity 18250K, committed 19072K, reserved 1048576K
}
Event: 14373.188 GC heap after
{Heap after GC invocations=246 (full 0):
 garbage-first heap   total 332800K, used 108212K [0x0000000080000000, 0x0000000100000000)
  region size 1024K, 8 young (8192K), 8 survivors (8192K)
 Metaspace       used 137320K, capacity 142234K, committed 143952K, reserved 1173504K
  class space    used 16422K, capacity 18250K, committed 19072K, reserved 1048576K
}
Event: 14375.780 GC heap before
{Heap before GC invocations=247 (full 0):
 garbage-first heap   total 332800K, used 272052K [0x0000000080000000, 0x0000000100000000)
  region size 1024K, 163 young (166912K), 8 survivors (8192K)
 Metaspace       used 137398K, capacity 142368K, committed 143952K, reserved 1173504K
  class space    used 16422K, capacity 18250K, committed 19072K, reserved 1048576K
}
Event: 14375.788 GC heap after
{Heap after GC invocations=248 (full 0):
 garbage-first heap   total 332800K, used 108037K [0x0000000080000000, 0x0000000100000000)
  region size 1024K, 6 young (6144K), 6 survivors (6144K)
 Metaspace       used 137398K, capacity 142368K, committed 143952K, reserved 1173504K
  class space    used 16422K, capacity 18250K, committed 19072K, reserved 1048576K
}
Event: 14416.014 GC heap before
{Heap before GC invocations=248 (full 0):
 garbage-first heap   total 332800K, used 117253K [0x0000000080000000, 0x0000000100000000)
  region size 1024K, 16 young (16384K), 6 survivors (6144K)
 Metaspace       used 137398K, capacity 142368K, committed 143952K, reserved 1173504K
  class space    used 16422K, capacity 18250K, committed 19072K, reserved 1048576K
}
Event: 14416.027 GC heap after
{Heap after GC invocations=249 (full 0):
 garbage-first heap   total 332800K, used 102236K [0x0000000080000000, 0x0000000100000000)
  region size 1024K, 2 young (2048K), 2 survivors (2048K)
 Metaspace       used 137398K, capacity 142368K, committed 143952K, reserved 1173504K
  class space    used 16422K, capacity 18250K, committed 19072K, reserved 1048576K
}
Event: 14416.455 GC heap before
{Heap before GC invocations=249 (full 0):
 garbage-first heap   total 332800K, used 152412K [0x0000000080000000, 0x0000000100000000)
  region size 1024K, 53 young (54272K), 2 survivors (2048K)
 Metaspace       used 137414K, capacity 142368K, committed 143952K, reserved 1173504K
  class space    used 16423K, capacity 18250K, committed 19072K, reserved 1048576K
}
Event: 14416.511 GC heap after
{Heap after GC invocations=250 (full 0):
 garbage-first heap   total 332800K, used 107937K [0x0000000080000000, 0x0000000100000000)
  region size 1024K, 8 young (8192K), 8 survivors (8192K)
 Metaspace       used 137414K, capacity 142368K, committed 143952K, reserved 1173504K
  class space    used 16423K, capacity 18250K, committed 19072K, reserved 1048576K
}
Event: 14418.352 GC heap before
{Heap before GC invocations=251 (full 0):
 garbage-first heap   total 332800K, used 248225K [0x0000000080000000, 0x0000000100000000)
  region size 1024K, 144 young (147456K), 8 survivors (8192K)
 Metaspace       used 137499K, capacity 142442K, committed 143952K, reserved 1173504K
  class space    used 16423K, capacity 18250K, committed 19072K, reserved 1048576K
}
Event: 14418.380 GC heap after
{Heap after GC invocations=252 (full 0):
 garbage-first heap   total 332800K, used 109193K [0x0000000080000000, 0x0000000100000000)
  region size 1024K, 11 young (11264K), 11 survivors (11264K)
 Metaspace       used 137499K, capacity 142442K, committed 143952K, reserved 1173504K
  class space    used 16423K, capacity 18250K, committed 19072K, reserved 1048576K
}
Event: 14418.441 GC heap before
{Heap before GC invocations=252 (full 0):
 garbage-first heap   total 332800K, used 113289K [0x0000000080000000, 0x0000000100000000)
  region size 1024K, 16 young (16384K), 11 survivors (11264K)
 Metaspace       used 137502K, capacity 142442K, committed 143952K, reserved 1173504K
  class space    used 16423K, capacity 18250K, committed 19072K, reserved 1048576K
}
Event: 14418.502 GC heap after
{Heap after GC invocations=253 (full 0):
 garbage-first heap   total 332800K, used 102130K [0x0000000080000000, 0x0000000100000000)
  region size 1024K, 2 young (2048K), 2 survivors (2048K)
 Metaspace       used 137502K, capacity 142442K, committed 143952K, reserved 1173504K
  class space    used 16423K, capacity 18250K, committed 19072K, reserved 1048576K
}
Event: 14690.901 GC heap before
{Heap before GC invocations=253 (full 0):
 garbage-first heap   total 332800K, used 185074K [0x0000000080000000, 0x0000000100000000)
  region size 1024K, 85 young (87040K), 2 survivors (2048K)
 Metaspace       used 137529K, capacity 142444K, committed 143952K, reserved 1173504K
  class space    used 16423K, capacity 18250K, committed 19072K, reserved 1048576K
}
Event: 14690.982 GC heap after
{Heap after GC invocations=254 (full 0):
 garbage-first heap   total 332800K, used 108351K [0x0000000080000000, 0x0000000100000000)
  region size 1024K, 8 young (8192K), 8 survivors (8192K)
 Metaspace       used 137529K, capacity 142444K, committed 143952K, reserved 1173504K
  class space    used 16423K, capacity 18250K, committed 19072K, reserved 1048576K
}
Event: 14693.700 GC heap before
{Heap before GC invocations=255 (full 0):
 garbage-first heap   total 332800K, used 260927K [0x0000000080000000, 0x0000000100000000)
  region size 1024K, 152 young (155648K), 8 survivors (8192K)
 Metaspace       used 137863K, capacity 142779K, committed 143952K, reserved 1173504K
  class space    used 16446K, capacity 18294K, committed 19072K, reserved 1048576K
}
Event: 14693.731 GC heap after
{Heap after GC invocations=256 (full 0):
 garbage-first heap   total 332800K, used 113513K [0x0000000080000000, 0x0000000100000000)
  region size 1024K, 11 young (11264K), 11 survivors (11264K)
 Metaspace       used 137863K, capacity 142779K, committed 143952K, reserved 1173504K
  class space    used 16446K, capacity 18294K, committed 19072K, reserved 1048576K
}
Event: 14693.802 GC heap before
{Heap before GC invocations=256 (full 0):
 garbage-first heap   total 332800K, used 118633K [0x0000000080000000, 0x0000000100000000)
  region size 1024K, 16 young (16384K), 11 survivors (11264K)
 Metaspace       used 137864K, capacity 142779K, committed 143952K, reserved 1173504K
  class space    used 16446K, capacity 18294K, committed 19072K, reserved 1048576K
}
Event: 14693.842 GC heap after
{Heap after GC invocations=257 (full 0):
 garbage-first heap   total 332800K, used 109223K [0x0000000080000000, 0x0000000100000000)
  region size 1024K, 2 young (2048K), 2 survivors (2048K)
 Metaspace       used 137864K, capacity 142779K, committed 143952K, reserved 1173504K
  class space    used 16446K, capacity 18294K, committed 19072K, reserved 1048576K
}

